<?xml version="1.0" encoding="UTF-8"?>
<!-- Generated by org.testng.reporters.JUnitXMLReporter -->
<testsuite ignored="0" hostname="LAPTOP-MQEI271P" failures="0" tests="3" name="Default test" time="15.349" errors="0" timestamp="2025-04-29T18:46:38 IST">
  <testcase classname="Test.TC_001_Signup" name="loginexecution" time="1.118"/>
  <testcase classname="Test.TC_001_Signup" name="loginexecution" time="1.081"/>
  <testcase classname="Test.TC_001_Signup" name="loginexecution" time="1.029"/>
</testsuite> <!-- Default test -->
