<?xml version="1.0" encoding="UTF-8"?>
<!-- Generated by org.testng.reporters.JUnitXMLReporter -->
<testsuite ignored="2" hostname="LAPTOP-MQEI271P" failures="0" tests="0" name="Testnew" time="0.784" errors="0" timestamp="2025-04-29T18:56:38 IST">
  <testcase classname="Base.myProjectSpecificCode" name="@AfterSuite reportclose" time="0.0">
    <ignored/>
  </testcase> <!-- @AfterSuite reportclose -->
  <testcase classname="Base.myProjectSpecificCode" name="@BeforeSuite Reportgeneration" time="0.0">
    <ignored/>
  </testcase> <!-- @BeforeSuite Reportgeneration -->
</testsuite> <!-- Testnew -->
